<?xml version="1.0" encoding="UTF-8"?>
<!-- Generated by org.testng.reporters.JUnitReportReporter -->
<testsuite hostname="Sujata" failures="0" tests="1" name="testCases.TC002_LoginTest" time="1.482" errors="0" timestamp="2025-04-21T07:44:05 IST" skipped="0">
  <testcase classname="testCases.TC002_LoginTest" name="verify_login" time="1.482"/>
</testsuite> <!-- testCases.TC002_LoginTest -->
