<?xml version="1.0" encoding="UTF-8"?>
<!-- Generated by org.testng.reporters.JUnitReportReporter -->
<testsuite hostname="Sujata" failures="0" tests="1" name="testCases.TC001_AccountRegisterationTest" time="2.597" errors="0" timestamp="2025-04-27T15:38:14 IST" skipped="0">
  <testcase classname="testCases.TC001_AccountRegisterationTest" name="verify_account_registeration" time="2.597"/>
</testsuite> <!-- testCases.TC001_AccountRegisterationTest -->
