<?xml version="1.0" encoding="UTF-8"?>
<!-- Generated by org.testng.reporters.JUnitReportReporter -->
<testsuite hostname="Sujata" failures="0" tests="3" name="testCases.TC001_AccountRegisterationTest" time="6.174" errors="0" timestamp="2025-04-20T19:27:39 IST" skipped="0">
  <testcase classname="testCases.TC001_AccountRegisterationTest" name="verify_account_registeration" time="1.779"/>
  <testcase classname="testCases.TC001_AccountRegisterationTest" name="verify_account_registeration" time="2.307"/>
  <testcase classname="testCases.TC001_AccountRegisterationTest" name="verify_account_registeration" time="2.088"/>
</testsuite> <!-- testCases.TC001_AccountRegisterationTest -->
